<?xml version="1.0" encoding="UTF-8"?>
<testng-results ignored="0" total="2" passed="1" failed="1" skipped="0">
  <reporter-output>
  </reporter-output>
  <suite started-at="2020-09-25T16:26:27 BRT" name="UserAcceptanceTests Suite" finished-at="2020-09-25T16:26:27 BRT" duration-ms="31">
    <groups>
    </groups>
    <test started-at="2020-09-25T16:26:27 BRT" name="Preenchimento dos Campos" finished-at="2020-09-25T16:26:27 BRT" duration-ms="31">
      <class name="InvestimentoPoupancaQA.DemomavenEclipseProject.AppTest">
        <test-method signature="shouldAnswerWithTrue()[pri:0, instance:InvestimentoPoupancaQA.DemomavenEclipseProject.AppTest@10e41621]" started-at="2020-09-25T16:26:27 BRT" name="shouldAnswerWithTrue" finished-at="2020-09-25T16:26:27 BRT" duration-ms="2" status="PASS">
          <reporter-output>
          </reporter-output>
        </test-method> <!-- shouldAnswerWithTrue -->
      </class> <!-- InvestimentoPoupancaQA.DemomavenEclipseProject.AppTest -->
      <class name="testcases.PreencherFormularioTests">
        <test-method is-config="true" signature="setUp()[pri:0, instance:testcases.PreencherFormularioTests@19bb07ed]" started-at="2020-09-25T16:26:24 BRT" name="setUp" finished-at="2020-09-25T16:26:27 BRT" duration-ms="2463" status="PASS">
          <reporter-output>
          </reporter-output>
        </test-method> <!-- setUp -->
        <test-method signature="preencherCamposCorretamenteParaVerResultados()[pri:0, instance:testcases.PreencherFormularioTests@19bb07ed]" started-at="2020-09-25T16:26:27 BRT" name="preencherCamposCorretamenteParaVerResultados" finished-at="2020-09-25T16:26:27 BRT" duration-ms="8" status="FAIL">
          <exception class="java.lang.NullPointerException">
            <full-stacktrace>
              <![CDATA[java.lang.NullPointerException
at Pages.SimuladorInvestimentoPoupançaPage.setValorAplicar(SimuladorInvestimentoPoupançaPage.java:26)
at testcases.PreencherFormularioTests.preencherCamposCorretamenteParaVerResultados(PreencherFormularioTests.java:17)
at java.base/jdk.internal.reflect.NativeMethodAccessorImpl.invoke0(Native Method)
at java.base/jdk.internal.reflect.NativeMethodAccessorImpl.invoke(NativeMethodAccessorImpl.java:62)
at java.base/jdk.internal.reflect.DelegatingMethodAccessorImpl.invoke(DelegatingMethodAccessorImpl.java:43)
at java.base/java.lang.reflect.Method.invoke(Method.java:564)
at org.testng.internal.MethodInvocationHelper.invokeMethod(MethodInvocationHelper.java:133)
at org.testng.internal.TestInvoker.invokeMethod(TestInvoker.java:584)
at org.testng.internal.TestInvoker.invokeTestMethod(TestInvoker.java:172)
at org.testng.internal.MethodRunner.runInSequence(MethodRunner.java:46)
at org.testng.internal.TestInvoker$MethodInvocationAgent.invoke(TestInvoker.java:804)
at org.testng.internal.TestInvoker.invokeTestMethods(TestInvoker.java:145)
at org.testng.internal.TestMethodWorker.invokeTestMethods(TestMethodWorker.java:146)
at org.testng.internal.TestMethodWorker.run(TestMethodWorker.java:128)
at java.base/java.util.ArrayList.forEach(ArrayList.java:1510)
at org.testng.TestRunner.privateRun(TestRunner.java:770)
at org.testng.TestRunner.run(TestRunner.java:591)
at org.testng.SuiteRunner.runTest(SuiteRunner.java:402)
at org.testng.SuiteRunner.runSequentially(SuiteRunner.java:396)
at org.testng.SuiteRunner.privateRun(SuiteRunner.java:355)
at org.testng.SuiteRunner.run(SuiteRunner.java:304)
at org.testng.SuiteRunnerWorker.runSuite(SuiteRunnerWorker.java:53)
at org.testng.SuiteRunnerWorker.run(SuiteRunnerWorker.java:96)
at org.testng.TestNG.runSuitesSequentially(TestNG.java:1180)
at org.testng.TestNG.runSuitesLocally(TestNG.java:1102)
at org.testng.TestNG.runSuites(TestNG.java:1032)
at org.testng.TestNG.run(TestNG.java:1000)
at org.testng.remote.AbstractRemoteTestNG.run(AbstractRemoteTestNG.java:115)
at org.testng.remote.RemoteTestNG.initAndRun(RemoteTestNG.java:251)
at org.testng.remote.RemoteTestNG.main(RemoteTestNG.java:77)
]]>
            </full-stacktrace>
          </exception> <!-- java.lang.NullPointerException -->
          <reporter-output>
          </reporter-output>
        </test-method> <!-- preencherCamposCorretamenteParaVerResultados -->
        <test-method is-config="true" signature="tearDown()[pri:0, instance:testcases.PreencherFormularioTests@19bb07ed]" started-at="2020-09-25T16:26:27 BRT" name="tearDown" finished-at="2020-09-25T16:26:27 BRT" duration-ms="87" status="PASS">
          <reporter-output>
          </reporter-output>
        </test-method> <!-- tearDown -->
      </class> <!-- testcases.PreencherFormularioTests -->
    </test> <!-- Preenchimento dos Campos -->
  </suite> <!-- UserAcceptanceTests Suite -->
</testng-results>
