<?xml version="1.0" encoding="UTF-8"?>
<!-- Generated by org.testng.reporters.JUnitXMLReporter -->
<testsuite ignored="0" hostname="Diegos-MacBook-Pro.local" failures="0" tests="3" name="Dependency Test" time="0.005" errors="0" timestamp="2020-09-25T16:00:33 BRT">
  <testcase classname="testcases.TestCase3" name="doUserReg" time="0.001"/>
  <testcase classname="testcases.TestCase3" name="doLogin" time="0.001"/>
  <testcase classname="InvestimentoPoupancaQA.DemomavenEclipseProject.AppTest" name="shouldAnswerWithTrue" time="0.001"/>
</testsuite> <!-- Dependency Test -->
