<?xml version="1.0" encoding="UTF-8"?>
<!-- Generated by org.testng.reporters.JUnitXMLReporter -->
<testsuite ignored="0" hostname="Diegos-MacBook-Pro.local" failures="1" tests="2" name="Preenchimento dos Campos" time="0.031" errors="0" timestamp="2020-09-25T16:26:27 BRT">
  <testcase classname="testcases.PreencherFormularioTests" name="preencherCamposCorretamenteParaVerResultados" time="0.008">
    <failure type="java.lang.NullPointerException">
      <![CDATA[java.lang.NullPointerException
at Pages.SimuladorInvestimentoPoupançaPage.setValorAplicar(SimuladorInvestimentoPoupançaPage.java:26)
at testcases.PreencherFormularioTests.preencherCamposCorretamenteParaVerResultados(PreencherFormularioTests.java:17)
at java.base/java.util.ArrayList.forEach(ArrayList.java:1510)
... Removed 27 stack frames]]>
    </failure>
  </testcase> <!-- preencherCamposCorretamenteParaVerResultados -->
  <testcase classname="InvestimentoPoupancaQA.DemomavenEclipseProject.AppTest" name="shouldAnswerWithTrue" time="0.002"/>
</testsuite> <!-- Preenchimento dos Campos -->
