<?xml version="1.0" encoding="UTF-8"?>
<!-- Generated by org.testng.reporters.JUnitXMLReporter -->
<testsuite ignored="0" hostname="Diegos-MacBook-Pro.local" failures="0" tests="3" name="Preenchimento dos Campos" time="0.045" errors="0" timestamp="2020-09-24T18:17:15 BRT">
  <testcase classname="testcases.TestCase1" name="doUserReg" time="0.006"/>
  <testcase classname="testcases.TestCase1" name="doLogin" time="0.002"/>
  <testcase classname="InvestimentoPoupancaQA.DemomavenEclipseProject.AppTest" name="shouldAnswerWithTrue" time="0.003"/>
</testsuite> <!-- Preenchimento dos Campos -->
