<?xml version="1.0" encoding="UTF-8"?>
<!-- Generated by org.testng.reporters.JUnitXMLReporter -->
<testsuite ignored="0" hostname="Diegos-MacBook-Pro.local" failures="1" tests="2" name="Validate title test" time="0.008" errors="0" timestamp="2020-09-24T18:17:15 BRT">
  <testcase classname="testcases.TestCase2" name="validateTitles" time="0.002">
    <failure type="java.lang.AssertionError" message="expected:&amp;lt;Gmail.com&amp;gt; but was:&amp;lt;Yahoo.com&amp;gt;">
      <![CDATA[java.lang.AssertionError: expected:<Gmail.com> but was:<Yahoo.com>
at testcases.TestCase2.validateTitles(TestCase2.java:19)
at java.base/java.util.ArrayList.forEach(ArrayList.java:1510)
... Removed 29 stack frames]]>
    </failure>
  </testcase> <!-- validateTitles -->
  <testcase classname="InvestimentoPoupancaQA.DemomavenEclipseProject.AppTest" name="shouldAnswerWithTrue" time="0.001"/>
</testsuite> <!-- Validate title test -->
